<?xml version="1.0" encoding="UTF-8"?>
<!-- Generated by org.testng.reporters.JUnitReportReporter -->
<testsuite skipped="13" hostname="LAPTOP-0VLGHIQI" name="com.test.RegressionTests" tests="14" failures="0" timestamp="27 May 2022 12:08:31 GMT" time="25.989" errors="1">
  <testcase name="ContactSalesOfIjmeet" time="25.989" classname="com.test.RegressionTests">
    <error type="org.openqa.selenium.ElementClickInterceptedException" message="element click intercepted: Element is not clickable at point (199, 602)
  (Session info: chrome=102.0.5005.62)
Build info: version: &#039;4.1.1&#039;, revision: &#039;e8fcc2cecf&#039;
System info: host: &#039;LAPTOP-0VLGHIQI&#039;, ip: &#039;192.168.137.1&#039;, os.name: &#039;Windows 10&#039;, os.arch: &#039;amd64&#039;, os.version: &#039;10.0&#039;, java.version: &#039;1.8.0_261&#039;
Driver info: org.openqa.selenium.chrome.ChromeDriver
Command: [b43ea72afb336f9d7a1ead0e783cc24c, clickElement {id=35c0b45d-007c-4da8-a8f3-357a4897b333}]
Capabilities {acceptInsecureCerts: false, browserName: chrome, browserVersion: 102.0.5005.62, chrome: {chromedriverVersion: 102.0.5005.61 (0e59bcc00cc4..., userDataDir: C:\Users\HP\AppData\Local\T...}, goog:chromeOptions: {debuggerAddress: localhost:50237}, javascriptEnabled: true, networkConnectionEnabled: false, pageLoadStrategy: normal, platform: WINDOWS, platformName: WINDOWS, proxy: Proxy(), se:cdp: ws://localhost:50237/devtoo..., se:cdpVersion: 102.0.5005.62, setWindowRect: true, strictFileInteractability: false, timeouts: {implicit: 0, pageLoad: 300000, script: 30000}, unhandledPromptBehavior: dismiss and notify, webauthn:extension:credBlob: true, webauthn:extension:largeBlob: true, webauthn:virtualAuthenticators: true}
Element: [[ChromeDriver: chrome on WINDOWS (b43ea72afb336f9d7a1ead0e783cc24c)] -&gt; xpath: //button[@class=&quot;btn btn-primary btn-primary1 com-md-3 w-100 m-0&quot;]]
Session ID: b43ea72afb336f9d7a1ead0e783cc24c">
      <![CDATA[org.openqa.selenium.ElementClickInterceptedException: element click intercepted: Element is not clickable at point (199, 602)  (Session info: chrome=102.0.5005.62)Build info: version: '4.1.1', revision: 'e8fcc2cecf'System info: host: 'LAPTOP-0VLGHIQI', ip: '192.168.137.1', os.name: 'Windows 10', os.arch: 'amd64', os.version: '10.0', java.version: '1.8.0_261'Driver info: org.openqa.selenium.chrome.ChromeDriverCommand: [b43ea72afb336f9d7a1ead0e783cc24c, clickElement {id=35c0b45d-007c-4da8-a8f3-357a4897b333}]Capabilities {acceptInsecureCerts: false, browserName: chrome, browserVersion: 102.0.5005.62, chrome: {chromedriverVersion: 102.0.5005.61 (0e59bcc00cc4..., userDataDir: C:\Users\HP\AppData\Local\T...}, goog:chromeOptions: {debuggerAddress: localhost:50237}, javascriptEnabled: true, networkConnectionEnabled: false, pageLoadStrategy: normal, platform: WINDOWS, platformName: WINDOWS, proxy: Proxy(), se:cdp: ws://localhost:50237/devtoo..., se:cdpVersion: 102.0.5005.62, setWindowRect: true, strictFileInteractability: false, timeouts: {implicit: 0, pageLoad: 300000, script: 30000}, unhandledPromptBehavior: dismiss and notify, webauthn:extension:credBlob: true, webauthn:extension:largeBlob: true, webauthn:virtualAuthenticators: true}Element: [[ChromeDriver: chrome on WINDOWS (b43ea72afb336f9d7a1ead0e783cc24c)] -> xpath: //button[@class="btn btn-primary btn-primary1 com-md-3 w-100 m-0"]]Session ID: b43ea72afb336f9d7a1ead0e783cc24cat sun.reflect.NativeConstructorAccessorImpl.newInstance0(Native Method)at sun.reflect.NativeConstructorAccessorImpl.newInstance(NativeConstructorAccessorImpl.java:62)at sun.reflect.DelegatingConstructorAccessorImpl.newInstance(DelegatingConstructorAccessorImpl.java:45)at java.lang.reflect.Constructor.newInstance(Constructor.java:423)at org.openqa.selenium.remote.codec.w3c.W3CHttpResponseCodec.createException(W3CHttpResponseCodec.java:200)at org.openqa.selenium.remote.codec.w3c.W3CHttpResponseCodec.decode(W3CHttpResponseCodec.java:133)at org.openqa.selenium.remote.codec.w3c.W3CHttpResponseCodec.decode(W3CHttpResponseCodec.java:53)at org.openqa.selenium.remote.HttpCommandExecutor.execute(HttpCommandExecutor.java:184)at org.openqa.selenium.remote.service.DriverCommandExecutor.invokeExecute(DriverCommandExecutor.java:167)at org.openqa.selenium.remote.service.DriverCommandExecutor.execute(DriverCommandExecutor.java:142)at org.openqa.selenium.remote.RemoteWebDriver.execute(RemoteWebDriver.java:543)at org.openqa.selenium.remote.RemoteWebElement.execute(RemoteWebElement.java:251)at org.openqa.selenium.remote.RemoteWebElement.click(RemoteWebElement.java:77)at sun.reflect.NativeMethodAccessorImpl.invoke0(Native Method)at sun.reflect.NativeMethodAccessorImpl.invoke(NativeMethodAccessorImpl.java:62)at sun.reflect.DelegatingMethodAccessorImpl.invoke(DelegatingMethodAccessorImpl.java:43)at java.lang.reflect.Method.invoke(Method.java:498)at org.openqa.selenium.support.pagefactory.internal.LocatingElementHandler.invoke(LocatingElementHandler.java:52)at com.sun.proxy.$Proxy14.click(Unknown Source)at com.ijmeet.pages.ContactSales.clickOnSendButton(ContactSales.java:46)at com.test.RegressionTests.ContactSalesOfIjmeet(RegressionTests.java:51)at sun.reflect.NativeMethodAccessorImpl.invoke0(Native Method)at sun.reflect.NativeMethodAccessorImpl.invoke(NativeMethodAccessorImpl.java:62)at sun.reflect.DelegatingMethodAccessorImpl.invoke(DelegatingMethodAccessorImpl.java:43)at java.lang.reflect.Method.invoke(Method.java:498)at org.testng.internal.MethodInvocationHelper.invokeMethod(MethodInvocationHelper.java:124)at org.testng.internal.Invoker.invokeMethod(Invoker.java:571)at org.testng.internal.Invoker.invokeTestMethod(Invoker.java:707)at org.testng.internal.Invoker.invokeTestMethods(Invoker.java:979)at org.testng.internal.TestMethodWorker.invokeTestMethods(TestMethodWorker.java:125)at org.testng.internal.TestMethodWorker.run(TestMethodWorker.java:109)at org.testng.TestRunner.privateRun(TestRunner.java:648)at org.testng.TestRunner.run(TestRunner.java:505)at org.testng.SuiteRunner.runTest(SuiteRunner.java:455)at org.testng.SuiteRunner.runSequentially(SuiteRunner.java:450)at org.testng.SuiteRunner.privateRun(SuiteRunner.java:415)at org.testng.SuiteRunner.run(SuiteRunner.java:364)at org.testng.SuiteRunnerWorker.runSuite(SuiteRunnerWorker.java:52)at org.testng.SuiteRunnerWorker.run(SuiteRunnerWorker.java:84)at org.testng.TestNG.runSuitesSequentially(TestNG.java:1187)at org.testng.TestNG.runSuitesLocally(TestNG.java:1116)at org.testng.TestNG.runSuites(TestNG.java:1028)at org.testng.TestNG.run(TestNG.java:996)at org.testng.remote.AbstractRemoteTestNG.run(AbstractRemoteTestNG.java:115)at org.testng.remote.RemoteTestNG.initAndRun(RemoteTestNG.java:251)at org.testng.remote.RemoteTestNG.main(RemoteTestNG.java:77)]]>
    </error>
  </testcase> <!-- ContactSalesOfIjmeet -->
  <testcase name="JoinMeetingLnk" classname="com.test.RegressionTests">
    <skipped/>
  </testcase> <!-- JoinMeetingLnk -->
  <testcase name="SupportLnk" classname="com.test.RegressionTests">
    <skipped/>
  </testcase> <!-- SupportLnk -->
  <testcase name="logoOfIjmeet" classname="com.test.RegressionTests">
    <skipped/>
  </testcase> <!-- logoOfIjmeet -->
  <testcase name="ClickOnSignUpLnk" classname="com.test.RegressionTests">
    <skipped/>
  </testcase> <!-- ClickOnSignUpLnk -->
  <testcase name="AppleLnk" classname="com.test.RegressionTests">
    <skipped/>
  </testcase> <!-- AppleLnk -->
  <testcase name="ArabicLnk" classname="com.test.RegressionTests">
    <skipped/>
  </testcase> <!-- ArabicLnk -->
  <testcase name="HostMeetingLnk" classname="com.test.RegressionTests">
    <skipped/>
  </testcase> <!-- HostMeetingLnk -->
  <testcase name="instagramLnk" classname="com.test.RegressionTests">
    <skipped/>
  </testcase> <!-- instagramLnk -->
  <testcase name="contactUsLnk" classname="com.test.RegressionTests">
    <skipped/>
  </testcase> <!-- contactUsLnk -->
  <testcase name="AndroidLnk" classname="com.test.RegressionTests">
    <skipped/>
  </testcase> <!-- AndroidLnk -->
  <testcase name="verifyTitleOfHomePage" classname="com.test.RegressionTests">
    <skipped/>
  </testcase> <!-- verifyTitleOfHomePage -->
  <testcase name="WindowLnk" classname="com.test.RegressionTests">
    <skipped/>
  </testcase> <!-- WindowLnk -->
  <testcase name="SignInLnk" classname="com.test.RegressionTests">
    <skipped/>
  </testcase> <!-- SignInLnk -->
</testsuite> <!-- com.test.RegressionTests -->
