<?xml version="1.0" encoding="UTF-8"?>
<!-- Generated by org.testng.reporters.JUnitReportReporter -->
<testsuite skipped="0" hostname="LAPTOP-C3E1HSB0" name="com.test.RegressionTests" tests="1" failures="0" timestamp="26 May 2022 12:09:43 GMT" time="11.623" errors="0">
  <testcase name="JoinMeetingLnk" time="11.623" classname="com.test.RegressionTests"/>
</testsuite> <!-- com.test.RegressionTests -->
