<?xml version="1.0" encoding="UTF-8"?>
<!-- Generated by org.testng.reporters.JUnitReportReporter -->
<testsuite skipped="0" hostname="DESKTOP-J5NUTTK" name="com.test.RegressionTests" tests="4" failures="0" timestamp="01 Jun 2022 21:42:50 GMT" time="98.347" errors="0">
  <testcase name="verifyHomeOfIjmeet" time="12.629" classname="com.test.RegressionTests"/>
  <testcase name="Signin" time="17.880" classname="com.test.RegressionTests"/>
  <testcase name="verifyTitleOfHomePage" time="47.915" classname="com.test.RegressionTests"/>
  <testcase name="JoinMeetingLnk" time="19.923" classname="com.test.RegressionTests"/>
</testsuite> <!-- com.test.RegressionTests -->
