<?xml version="1.0" encoding="UTF-8"?>
<!-- Generated by org.testng.reporters.JUnitReportReporter -->
<testsuite hostname="LAPTOP-MOAT9591" failures="0" tests="1" name="com.test.RegressionTests" time="25.642" errors="0" timestamp="27 May 2022 11:34:25 GMT" skipped="0">
  <testcase classname="com.test.RegressionTests" name="verifySignUpPage" time="25.642"/>
</testsuite> <!-- com.test.RegressionTests -->
