<?xml version="1.0" encoding="UTF-8"?>
<!-- Generated by org.testng.reporters.JUnitReportReporter -->
<testsuite skipped="0" hostname="DESKTOP-J5NUTTK" name="com.test.SinginPageRegression" tests="1" failures="0" timestamp="28 May 2022 01:07:39 GMT" time="12.452" errors="0">
  <testcase name="JoinMeetingLnk" time="12.452" classname="com.test.SinginPageRegression"/>
</testsuite> <!-- com.test.SinginPageRegression -->
