<?xml version="1.0" encoding="UTF-8"?>
<!-- Generated by org.testng.reporters.JUnitReportReporter -->
<testsuite skipped="0" hostname="DESKTOP-68E8N9L" name="com.test.RegressionTests" tests="1" failures="0" timestamp="28 May 2022 00:48:18 GMT" time="35.884" errors="0">
  <testcase name="JoinMeetingLink" time="35.884" classname="com.test.RegressionTests"/>
</testsuite> <!-- com.test.RegressionTests -->
